#
# A fatal error has been detected by the Java Runtime Environment:
#
#  EXCEPTION_ACCESS_VIOLATION (0xc0000005) at pc=0x00000000686a1400, pid=6952, tid=4936
#
# JRE version: 7.0_25-b17
# Java VM: Java HotSpot(TM) 64-Bit Server VM (23.25-b01 mixed mode windows-amd64 compressed oops)
# Problematic frame:
# V  [jvm.dll+0x3e1400]
#
# Failed to write core dump. Minidumps are not enabled by default on client versions of Windows
#
# If you would like to submit a bug report, please visit:
#   http://bugreport.sun.com/bugreport/crash.jsp
#

---------------  T H R E A D  ---------------

Current thread (0x000000000eb9d800):  JavaThread "C2 CompilerThread1" daemon [_thread_in_native, id=4936, stack(0x000000000f080000,0x000000000f180000)]

siginfo: ExceptionCode=0xc0000005, reading address 0xffffffffffffffff

Registers:
RAX=0x000080000eee1e50, RBX=0x0000000012dc76e0, RCX=0x000000000000000c, RDX=0x000000000000001f
RSP=0x000000000f17c7e0, RBP=0x0000000000000c6d, RSI=0x000000000f17c8a0, RDI=0x0000000000000c6d
R8 =0x0000000000000c4c, R9 =0x0000000011ea24c0, R10=0x00000000682c0000, R11=0x000000000f17c5f0
R12=0x0000000068965db0, R13=0x00000000682c0000, R14=0x0000000000000000, R15=0x0000000000000001
RIP=0x00000000686a1400, EFLAGS=0x0000000000010206

Top of Stack: (sp=0x000000000f17c7e0)
0x000000000f17c7e0:   0000000012dc4300 0000000012dc46c0
0x000000000f17c7f0:   0000000000000c6d 000000000f17c8a0
0x000000000f17c800:   00000c4d00079f9f 0000000000000003
0x000000000f17c810:   00000000105f13e0 000000000000000d
0x000000000f17c820:   000000000eee33f8 0000000000000015
0x000000000f17c830:   0000000012dc8b80 000000000f17cb90
0x000000000f17c840:   000000000eb92f78 000000000f17cb90
0x000000000f17c850:   000000000eb92b90 0000000068671d1d
0x000000000f17c860:   000000000f17ee20 000000000f17c960
0x000000000f17c870:   000000000eb92ba0 0000000000000001
0x000000000f17c880:   000000000eb92b90 0000000011ea1c50
0x000000000f17c890:   0000000011ea7cd8 0000000011ea9c38
0x000000000f17c8a0:   000000000000000b 000000000f17ee20
0x000000000f17c8b0:   0000000012d4c760 000000000f17f400
0x000000000f17c8c0:   00000000117bda50 00000000000014f2
0x000000000f17c8d0:   000000000f17c880 000000000eb92ba0 

Instructions: (pc=0x00000000686a1400)
0x00000000686a13e0:   c0 74 68 8b c0 48 8d 1c 80 48 c1 e3 05 48 03 5e
0x00000000686a13f0:   10 85 ff 74 93 48 8b 43 08 48 8b cd 48 c1 e9 08
0x00000000686a1400:   4c 8b 0c c8 4d 3b cc 75 0d 8b d7 48 8b cb e8 0d
0x00000000686a1410:   46 00 00 4c 8b c8 8b d7 8b cf 41 b8 01 00 00 00 


Register to memory mapping:

RAX=0x000080000eee1e50 is an unknown value
RBX=0x0000000012dc76e0 is an unknown value
RCX=0x000000000000000c is an unknown value
RDX=0x000000000000001f is an unknown value
RSP=0x000000000f17c7e0 is pointing into the stack for thread: 0x000000000eb9d800
RBP=0x0000000000000c6d is an unknown value
RSI=0x000000000f17c8a0 is pointing into the stack for thread: 0x000000000eb9d800
RDI=0x0000000000000c6d is an unknown value
R8 =0x0000000000000c4c is an unknown value
R9 =0x0000000011ea24c0 is an unknown value
R10=0x00000000682c0000 is an unknown value
R11=0x000000000f17c5f0 is pointing into the stack for thread: 0x000000000eb9d800
R12=0x0000000068965db0 is an unknown value
R13=0x00000000682c0000 is an unknown value
R14=0x0000000000000000 is an unknown value
R15=0x0000000000000001 is an unknown value


Stack: [0x000000000f080000,0x000000000f180000],  sp=0x000000000f17c7e0,  free space=1009k
Native frames: (J=compiled Java code, j=interpreted, Vv=VM code, C=native code)
V  [jvm.dll+0x3e1400]


Current CompileTask:
C2:   4981  962             org.ofbiz.entity.model.ModelEntity::<init> (684 bytes)


---------------  P R O C E S S  ---------------

Java Threads: ( => current thread )
  0x000000000f7c1000 JavaThread "AsyncAppender-Dispatcher-Thread-3" daemon [_thread_blocked, id=2588, stack(0x0000000011130000,0x0000000011230000)]
  0x000000000fc55800 JavaThread "pool-1-thread-1" [_thread_in_Java, id=48, stack(0x0000000010f30000,0x0000000011030000)]
  0x000000000eb94000 JavaThread "AdminPortThread" [_thread_in_native, id=4932, stack(0x000000000f660000,0x000000000f760000)]
  0x000000000ec2b000 JavaThread "Service Thread" daemon [_thread_blocked, id=3564, stack(0x000000000f180000,0x000000000f280000)]
=>0x000000000eb9d800 JavaThread "C2 CompilerThread1" daemon [_thread_in_native, id=4936, stack(0x000000000f080000,0x000000000f180000)]
  0x000000000eb9c800 JavaThread "C2 CompilerThread0" daemon [_thread_blocked, id=6332, stack(0x000000000ef80000,0x000000000f080000)]
  0x000000000c97b000 JavaThread "Attach Listener" daemon [_thread_blocked, id=6684, stack(0x000000000ea80000,0x000000000eb80000)]
  0x000000000c976000 JavaThread "Signal Dispatcher" daemon [_thread_blocked, id=7024, stack(0x000000000e980000,0x000000000ea80000)]
  0x000000000c910000 JavaThread "Finalizer" daemon [_thread_blocked, id=3104, stack(0x000000000e880000,0x000000000e980000)]
  0x000000000c908800 JavaThread "Reference Handler" daemon [_thread_blocked, id=6616, stack(0x000000000e780000,0x000000000e880000)]
  0x0000000002130800 JavaThread "main" [_thread_in_Java, id=3268, stack(0x0000000001ea0000,0x0000000001fa0000)]

Other Threads:
  0x000000000c903000 VMThread [stack: 0x000000000e680000,0x000000000e780000] [id=6780]
  0x000000000eb8d800 WatcherThread [stack: 0x000000000f280000,0x000000000f380000] [id=4388]

VM state:not at safepoint (normal execution)

VM Mutex/Monitor currently owned by a thread: None

Heap
 PSYoungGen      total 277056K, used 159827K [0x00000007d5560000, 0x00000007e7320000, 0x0000000800000000)
  eden space 262144K, 56% used [0x00000007d5560000,0x00000007de70f0b0,0x00000007e5560000)
  from space 14912K, 71% used [0x00000007e6490000,0x00000007e6ef5d40,0x00000007e7320000)
  to   space 15232K, 0% used [0x00000007e5560000,0x00000007e5560000,0x00000007e6440000)
 ParOldGen       total 87424K, used 20371K [0x0000000780000000, 0x0000000785560000, 0x00000007d5560000)
  object space 87424K, 23% used [0x0000000780000000,0x00000007813e4f40,0x0000000785560000)
 PSPermGen       total 22592K, used 22540K [0x0000000760000000, 0x0000000761610000, 0x0000000780000000)
  object space 22592K, 99% used [0x0000000760000000,0x00000007616033e8,0x0000000761610000)

Card table byte_map: [0x00000000052f0000,0x0000000005800000] byte_map_base: 0x00000000017f0000

Polling page: 0x0000000000380000

Code Cache  [0x0000000002230000, 0x0000000002560000, 0x0000000005230000)
 total_blobs=1275 nmethods=937 adapters=288 free_code_cache=45987Kb largest_free_block=47019904

Compilation events (10 events):
Event: 4.803 Thread 0x000000000eb9c800  967             org.ofbiz.entity.model.ModelChild::setModelEntity_aroundBody0 (6 bytes)
Event: 4.803 Thread 0x000000000eb9c800 nmethod 967 0x000000000239ded0 code [0x000000000239e000, 0x000000000239e078]
Event: 4.846 Thread 0x000000000eb9c800  968             java.lang.AbstractStringBuilder::deleteCharAt (56 bytes)
Event: 4.847 Thread 0x000000000eb9c800 nmethod 968 0x000000000239db90 code [0x000000000239dce0, 0x000000000239ddf8]
Event: 4.920 Thread 0x000000000eb9c800  969             org.apache.xerces.util.URI::initializePath (605 bytes)
Event: 4.930 Thread 0x000000000eb9c800 nmethod 969 0x0000000002556910 code [0x0000000002556bc0, 0x0000000002557a20]
Event: 4.930 Thread 0x000000000eb9c800  970             org.apache.xerces.impl.xs.XSAttributeGroupDecl::removeProhibitedAttrs (210 bytes)
Event: 4.939 Thread 0x000000000eb9c800 nmethod 970 0x0000000002544250 code [0x00000000025443a0, 0x00000000025449d8]
Event: 4.939 Thread 0x000000000eb9c800  971             org.apache.xerces.util.URI::isPathCharacter (24 bytes)
Event: 4.940 Thread 0x000000000eb9c800 nmethod 971 0x000000000239d950 code [0x000000000239da80, 0x000000000239daf8]

GC Heap History (10 events):
Event: 0.726 GC heap before
{Heap before GC invocations=2 (full 0):
 PSYoungGen      total 38208K, used 38194K [0x00000007d5560000, 0x00000007da000000, 0x0000000800000000)
  eden space 32768K, 100% used [0x00000007d5560000,0x00000007d7560000,0x00000007d7560000)
  from space 5440K, 99% used [0x00000007d7560000,0x00000007d7aac870,0x00000007d7ab0000)
  to   space 5440K, 0% used [0x00000007d9ab0000,0x00000007d9ab0000,0x00000007da000000)
 ParOldGen       total 87424K, used 918K [0x0000000780000000, 0x0000000785560000, 0x00000007d5560000)
  object space 87424K, 1% used [0x0000000780000000,0x00000007800e5978,0x0000000785560000)
 PSPermGen       total 21248K, used 12218K [0x0000000760000000, 0x00000007614c0000, 0x0000000780000000)
  object space 21248K, 57% used [0x0000000760000000,0x0000000760beebe8,0x00000007614c0000)
Event: 0.730 GC heap after
Heap after GC invocations=2 (full 0):
 PSYoungGen      total 70976K, used 5424K [0x00000007d5560000, 0x00000007da000000, 0x0000000800000000)
  eden space 65536K, 0% used [0x00000007d5560000,0x00000007d5560000,0x00000007d9560000)
  from space 5440K, 99% used [0x00000007d9ab0000,0x00000007d9ffc128,0x00000007da000000)
  to   space 5440K, 0% used [0x00000007d9560000,0x00000007d9560000,0x00000007d9ab0000)
 ParOldGen       total 87424K, used 2415K [0x0000000780000000, 0x0000000785560000, 0x00000007d5560000)
  object space 87424K, 2% used [0x0000000780000000,0x000000078025bcf0,0x0000000785560000)
 PSPermGen       total 21248K, used 12218K [0x0000000760000000, 0x00000007614c0000, 0x0000000780000000)
  object space 21248K, 57% used [0x0000000760000000,0x0000000760beebe8,0x00000007614c0000)
}
Event: 1.144 GC heap before
{Heap before GC invocations=3 (full 0):
 PSYoungGen      total 70976K, used 70960K [0x00000007d5560000, 0x00000007da000000, 0x0000000800000000)
  eden space 65536K, 100% used [0x00000007d5560000,0x00000007d9560000,0x00000007d9560000)
  from space 5440K, 99% used [0x00000007d9ab0000,0x00000007d9ffc128,0x00000007da000000)
  to   space 5440K, 0% used [0x00000007d9560000,0x00000007d9560000,0x00000007d9ab0000)
 ParOldGen       total 87424K, used 2415K [0x0000000780000000, 0x0000000785560000, 0x00000007d5560000)
  object space 87424K, 2% used [0x0000000780000000,0x000000078025bcf0,0x0000000785560000)
 PSPermGen       total 21248K, used 14399K [0x0000000760000000, 0x00000007614c0000, 0x0000000780000000)
  object space 21248K, 67% used [0x0000000760000000,0x0000000760e0fc88,0x00000007614c0000)
Event: 1.149 GC heap after
Heap after GC invocations=3 (full 0):
 PSYoungGen      total 70976K, used 5421K [0x00000007d5560000, 0x00000007de000000, 0x0000000800000000)
  eden space 65536K, 0% used [0x00000007d5560000,0x00000007d5560000,0x00000007d9560000)
  from space 5440K, 99% used [0x00000007d9560000,0x00000007d9aab5c8,0x00000007d9ab0000)
  to   space 5440K, 0% used [0x00000007ddab0000,0x00000007ddab0000,0x00000007de000000)
 ParOldGen       total 87424K, used 5639K [0x0000000780000000, 0x0000000785560000, 0x00000007d5560000)
  object space 87424K, 6% used [0x0000000780000000,0x0000000780581c18,0x0000000785560000)
 PSPermGen       total 21248K, used 14399K [0x0000000760000000, 0x00000007614c0000, 0x0000000780000000)
  object space 21248K, 67% used [0x0000000760000000,0x0000000760e0fc88,0x00000007614c0000)
}
Event: 1.618 GC heap before
{Heap before GC invocations=4 (full 0):
 PSYoungGen      total 70976K, used 70957K [0x00000007d5560000, 0x00000007de000000, 0x0000000800000000)
  eden space 65536K, 100% used [0x00000007d5560000,0x00000007d9560000,0x00000007d9560000)
  from space 5440K, 99% used [0x00000007d9560000,0x00000007d9aab5c8,0x00000007d9ab0000)
  to   space 5440K, 0% used [0x00000007ddab0000,0x00000007ddab0000,0x00000007de000000)
 ParOldGen       total 87424K, used 5639K [0x0000000780000000, 0x0000000785560000, 0x00000007d5560000)
  object space 87424K, 6% used [0x0000000780000000,0x0000000780581c18,0x0000000785560000)
 PSPermGen       total 21248K, used 16749K [0x0000000760000000, 0x00000007614c0000, 0x0000000780000000)
  object space 21248K, 78% used [0x0000000760000000,0x000000076105b6c8,0x00000007614c0000)
Event: 1.624 GC heap after
Heap after GC invocations=4 (full 0):
 PSYoungGen      total 136512K, used 5415K [0x00000007d5560000, 0x00000007de000000, 0x0000000800000000)
  eden space 131072K, 0% used [0x00000007d5560000,0x00000007d5560000,0x00000007dd560000)
  from space 5440K, 99% used [0x00000007ddab0000,0x00000007ddff9eb8,0x00000007de000000)
  to   space 5440K, 0% used [0x00000007dd560000,0x00000007dd560000,0x00000007ddab0000)
 ParOldGen       total 87424K, used 8718K [0x0000000780000000, 0x0000000785560000, 0x00000007d5560000)
  object space 87424K, 9% used [0x0000000780000000,0x0000000780883858,0x0000000785560000)
 PSPermGen       total 21248K, used 16749K [0x0000000760000000, 0x00000007614c0000, 0x0000000780000000)
  object space 21248K, 78% used [0x0000000760000000,0x000000076105b6c8,0x00000007614c0000)
}
Event: 2.561 GC heap before
{Heap before GC invocations=5 (full 0):
 PSYoungGen      total 136512K, used 136487K [0x00000007d5560000, 0x00000007de000000, 0x0000000800000000)
  eden space 131072K, 100% used [0x00000007d5560000,0x00000007dd560000,0x00000007dd560000)
  from space 5440K, 99% used [0x00000007ddab0000,0x00000007ddff9eb8,0x00000007de000000)
  to   space 5440K, 0% used [0x00000007dd560000,0x00000007dd560000,0x00000007ddab0000)
 ParOldGen       total 87424K, used 8718K [0x0000000780000000, 0x0000000785560000, 0x00000007d5560000)
  object space 87424K, 9% used [0x0000000780000000,0x0000000780883858,0x0000000785560000)
 PSPermGen       total 21248K, used 18932K [0x0000000760000000, 0x00000007614c0000, 0x0000000780000000)
  object space 21248K, 89% used [0x0000000760000000,0x000000076127d298,0x00000007614c0000)
Event: 2.569 GC heap after
Heap after GC invocations=5 (full 0):
 PSYoungGen      total 136512K, used 5412K [0x00000007d5560000, 0x00000007e73c0000, 0x0000000800000000)
  eden space 131072K, 0% used [0x00000007d5560000,0x00000007d5560000,0x00000007dd560000)
  from space 5440K, 99% used [0x00000007dd560000,0x00000007ddaa9370,0x00000007ddab0000)
  to   space 15552K, 0% used [0x00000007e6490000,0x00000007e6490000,0x00000007e73c0000)
 ParOldGen       total 87424K, used 20371K [0x0000000780000000, 0x0000000785560000, 0x00000007d5560000)
  object space 87424K, 23% used [0x0000000780000000,0x00000007813e4f40,0x0000000785560000)
 PSPermGen       total 21248K, used 18932K [0x0000000760000000, 0x00000007614c0000, 0x0000000780000000)
  object space 21248K, 89% used [0x0000000760000000,0x000000076127d298,0x00000007614c0000)
}
Event: 3.013 GC heap before
{Heap before GC invocations=6 (full 0):
 PSYoungGen      total 136512K, used 136484K [0x00000007d5560000, 0x00000007e73c0000, 0x0000000800000000)
  eden space 131072K, 100% used [0x00000007d5560000,0x00000007dd560000,0x00000007dd560000)
  from space 5440K, 99% used [0x00000007dd560000,0x00000007ddaa9370,0x00000007ddab0000)
  to   space 15552K, 0% used [0x00000007e6490000,0x00000007e6490000,0x00000007e73c0000)
 ParOldGen       total 87424K, used 20371K [0x0000000780000000, 0x0000000785560000, 0x00000007d5560000)
  object space 87424K, 23% used [0x0000000780000000,0x00000007813e4f40,0x0000000785560000)
 PSPermGen       total 21824K, used 21794K [0x0000000760000000, 0x0000000761550000, 0x0000000780000000)
  object space 21824K, 99% used [0x0000000760000000,0x0000000761548828,0x0000000761550000)
Event: 3.019 GC heap after
Heap after GC invocations=6 (full 0):
 PSYoungGen      total 277056K, used 10647K [0x00000007d5560000, 0x00000007e7320000, 0x0000000800000000)
  eden space 262144K, 0% used [0x00000007d5560000,0x00000007d5560000,0x00000007e5560000)
  from space 14912K, 71% used [0x00000007e6490000,0x00000007e6ef5d40,0x00000007e7320000)
  to   space 15232K, 0% used [0x00000007e5560000,0x00000007e5560000,0x00000007e6440000)
 ParOldGen       total 87424K, used 20371K [0x0000000780000000, 0x0000000785560000, 0x00000007d5560000)
  object space 87424K, 23% used [0x0000000780000000,0x00000007813e4f40,0x0000000785560000)
 PSPermGen       total 21824K, used 21794K [0x0000000760000000, 0x0000000761550000, 0x0000000780000000)
  object space 21824K, 99% used [0x0000000760000000,0x0000000761548828,0x0000000761550000)
}

Deoptimization events (10 events):
Event: 3.063 Thread 0x0000000002130800 Uncommon trap -34 fr.pc 0x000000000243da70
Event: 3.065 Thread 0x0000000002130800 Uncommon trap -58 fr.pc 0x0000000002366dac
Event: 3.065 Thread 0x0000000002130800 Uncommon trap -83 fr.pc 0x00000000023667e0
Event: 3.068 Thread 0x0000000002130800 Uncommon trap -34 fr.pc 0x000000000249f7a4
Event: 3.068 Thread 0x0000000002130800 Uncommon trap -34 fr.pc 0x000000000249f7a4
Event: 3.068 Thread 0x0000000002130800 Uncommon trap -34 fr.pc 0x000000000249f7a4
Event: 3.073 Thread 0x0000000002130800 Uncommon trap -34 fr.pc 0x000000000243da70
Event: 3.073 Thread 0x0000000002130800 Uncommon trap -34 fr.pc 0x000000000243da70
Event: 3.073 Thread 0x0000000002130800 Uncommon trap -34 fr.pc 0x000000000243da70
Event: 4.583 Thread 0x0000000002130800 Uncommon trap -34 fr.pc 0x000000000253a89c

Internal exceptions (10 events):
Event: 3.141 Thread 0x0000000002130800 Threw 0x00000007d66e34a8 at C:\jdk7u2_64p\jdk7u25\hotspot\src\share\vm\prims\jvm.cpp:1235
Event: 3.145 Thread 0x0000000002130800 Threw 0x00000007d67f5c70 at C:\jdk7u2_64p\jdk7u25\hotspot\src\share\vm\prims\jvm.cpp:1235
Event: 3.145 Thread 0x0000000002130800 Threw 0x00000007d67f6780 at C:\jdk7u2_64p\jdk7u25\hotspot\src\share\vm\prims\jvm.cpp:1235
Event: 3.146 Thread 0x0000000002130800 Threw 0x00000007d6804b40 at C:\jdk7u2_64p\jdk7u25\hotspot\src\share\vm\prims\jvm.cpp:1235
Event: 3.301 Thread 0x0000000002130800 Threw 0x00000007d6e52588 at C:\jdk7u2_64p\jdk7u25\hotspot\src\share\vm\prims\jvm.cpp:1235
Event: 3.301 Thread 0x0000000002130800 Threw 0x00000007d6e52f98 at C:\jdk7u2_64p\jdk7u25\hotspot\src\share\vm\prims\jvm.cpp:1235
Event: 3.301 Thread 0x0000000002130800 Threw 0x00000007d6e61148 at C:\jdk7u2_64p\jdk7u25\hotspot\src\share\vm\prims\jvm.cpp:1235
Event: 3.336 Thread 0x0000000002130800 Threw 0x00000007d6fad378 at C:\jdk7u2_64p\jdk7u25\hotspot\src\share\vm\prims\jvm.cpp:1235
Event: 3.336 Thread 0x0000000002130800 Threw 0x00000007d6fadd40 at C:\jdk7u2_64p\jdk7u25\hotspot\src\share\vm\prims\jvm.cpp:1235
Event: 3.337 Thread 0x0000000002130800 Threw 0x00000007d6fbb3f8 at C:\jdk7u2_64p\jdk7u25\hotspot\src\share\vm\prims\jvm.cpp:1235

Events (10 events):
Event: 4.101 Thread 0x000000000eb9c800 flushing nmethod 0x0000000002390810
Event: 4.101 Thread 0x000000000eb9c800 flushing nmethod 0x00000000023935d0
Event: 4.101 Thread 0x000000000eb9c800 flushing nmethod 0x0000000002398090
Event: 4.101 Thread 0x000000000eb9c800 flushing nmethod 0x0000000002398f90
Event: 4.101 Thread 0x000000000eb9c800 flushing nmethod 0x00000000023b3910
Event: 4.101 Thread 0x000000000eb9c800 flushing nmethod 0x00000000023b6290
Event: 4.101 Thread 0x000000000eb9c800 flushing nmethod 0x00000000023bc610
Event: 4.120 Thread 0x000000000eb9d800 flushing nmethod 0x00000000023eead0
Event: 4.583 Thread 0x0000000002130800 DEOPT PACKING pc=0x000000000253a89c sp=0x0000000001f9cd80
Event: 4.583 Thread 0x0000000002130800 DEOPT UNPACKING pc=0x0000000002269164 sp=0x0000000001f9cd18 mode 2


Dynamic libraries:
0x000007f7d8ed0000 - 0x000007f7d8f03000 	C:\Program Files\Java\jdk1.7.0_25\bin\java.exe
0x000007f884710000 - 0x000007f8848d0000 	C:\Windows\SYSTEM32\ntdll.dll
0x000007f882460000 - 0x000007f882596000 	C:\Windows\system32\KERNEL32.DLL
0x000007f8818a0000 - 0x000007f881993000 	C:\Windows\system32\KERNELBASE.dll
0x000007f8840f0000 - 0x000007f8841ce000 	C:\Windows\system32\ADVAPI32.dll
0x000007f884320000 - 0x000007f88446c000 	C:\Windows\system32\USER32.dll
0x000007f87f040000 - 0x000007f87f2aa000 	C:\Windows\WinSxS\amd64_microsoft.windows.common-controls_6595b64144ccf1df_6.0.9200.16579_none_418ab7ef718b27ef\COMCTL32.dll
0x000007f881b60000 - 0x000007f881c05000 	C:\Windows\system32\msvcrt.dll
0x000007f881b10000 - 0x000007f881b58000 	C:\Windows\SYSTEM32\sechost.dll
0x000007f882820000 - 0x000007f882965000 	C:\Windows\system32\RPCRT4.dll
0x000007f8841d0000 - 0x000007f884311000 	C:\Windows\system32\GDI32.dll
0x000007f8825d0000 - 0x000007f882609000 	C:\Windows\system32\IMM32.DLL
0x000007f881c70000 - 0x000007f881d85000 	C:\Windows\system32\MSCTF.dll
0x00000000689d0000 - 0x0000000068aa1000 	C:\Program Files\Java\jdk1.7.0_25\jre\bin\msvcr100.dll
0x00000000682c0000 - 0x00000000689cf000 	C:\Program Files\Java\jdk1.7.0_25\jre\bin\server\jvm.dll
0x000007f874760000 - 0x000007f874769000 	C:\Windows\SYSTEM32\WSOCK32.dll
0x000007f87e5d0000 - 0x000007f87e5f0000 	C:\Windows\SYSTEM32\WINMM.dll
0x000007f8825c0000 - 0x000007f8825c7000 	C:\Windows\system32\PSAPI.DLL
0x000007f881c10000 - 0x000007f881c68000 	C:\Windows\system32\WS2_32.dll
0x000007f87e360000 - 0x000007f87e393000 	C:\Windows\SYSTEM32\WINMMBASE.dll
0x000007f882770000 - 0x000007f882779000 	C:\Windows\system32\NSI.dll
0x000007f881a50000 - 0x000007f881a9f000 	C:\Windows\SYSTEM32\cfgmgr32.dll
0x000007f881870000 - 0x000007f881892000 	C:\Windows\system32\DEVOBJ.dll
0x00000000682b0000 - 0x00000000682bf000 	C:\Program Files\Java\jdk1.7.0_25\jre\bin\verify.dll
0x0000000068280000 - 0x00000000682a8000 	C:\Program Files\Java\jdk1.7.0_25\jre\bin\java.dll
0x0000000068000000 - 0x0000000068023000 	C:\Program Files\Java\jdk1.7.0_25\jre\bin\instrument.dll
0x0000000068260000 - 0x0000000068275000 	C:\Program Files\Java\jdk1.7.0_25\jre\bin\zip.dll
0x0000000068240000 - 0x0000000068259000 	C:\Program Files\Java\jdk1.7.0_25\jre\bin\net.dll
0x000007f880e10000 - 0x000007f880e6c000 	C:\Windows\system32\mswsock.dll
0x0000000068220000 - 0x0000000068231000 	C:\Program Files\Java\jdk1.7.0_25\jre\bin\nio.dll
0x000007f879960000 - 0x000007f879974000 	C:\Windows\system32\napinsp.dll
0x000007f879940000 - 0x000007f879958000 	C:\Windows\system32\pnrpnsp.dll
0x000007f87ff90000 - 0x000007f87ffa6000 	C:\Windows\system32\NLAapi.dll
0x000007f880c50000 - 0x000007f880ce8000 	C:\Windows\SYSTEM32\DNSAPI.dll
0x000007f879990000 - 0x000007f8799a2000 	C:\Windows\System32\winrnr.dll
0x000007f879980000 - 0x000007f879988000 	C:\Windows\System32\rasadhlp.dll
0x000007f87d560000 - 0x000007f87d58a000 	C:\Windows\SYSTEM32\IPHLPAPI.DLL
0x000007f87d540000 - 0x000007f87d54a000 	C:\Windows\SYSTEM32\WINNSI.DLL
0x000007f87d3c0000 - 0x000007f87d421000 	C:\Windows\System32\fwpuclnt.dll
0x000007f880e70000 - 0x000007f880e8a000 	C:\Windows\SYSTEM32\CRYPTSP.dll
0x000007f880af0000 - 0x000007f880b3b000 	C:\Windows\system32\rsaenh.dll
0x000007f880bf0000 - 0x000007f880c0f000 	C:\Windows\SYSTEM32\USERENV.dll
0x000007f8815c0000 - 0x000007f8815d5000 	C:\Windows\SYSTEM32\profapi.dll
0x000007f881400000 - 0x000007f88140a000 	C:\Windows\SYSTEM32\CRYPTBASE.dll
0x000007f8813a0000 - 0x000007f8813fc000 	C:\Windows\SYSTEM32\bcryptPrimitives.dll
0x000007f875290000 - 0x000007f8753f3000 	C:\Windows\SYSTEM32\dbghelp.dll

VM Arguments:
jvm_args: -Xms128M -Xmx2048M -XX:MaxPermSize=512m -javaagent:framework/base/lib/aspectjweaver.jar -Dorg.aspectj.weaver.loadtime.configuration=aop.xml 
java_command: ofbiz.jar
Launcher Type: SUN_STANDARD

Environment Variables:
JAVA_HOME=C:\Program Files\Java\jdk1.7.0_25
PATH=C:\Program Files (x86)\NVIDIA Corporation\PhysX\Common;C:\Program Files (x86)\Intel\iCLS Client\;C:\Program Files\Intel\iCLS Client\;C:\Windows\system32;C:\Windows;C:\Windows\System32\Wbem;C:\Windows\System32\WindowsPowerShell\v1.0\;C:\Program Files\Intel\Intel(R) Management Engine Components\DAL;C:\Program Files\Intel\Intel(R) Management Engine Components\IPT;C:\Program Files (x86)\Intel\Intel(R) Management Engine Components\DAL;C:\Program Files (x86)\Intel\Intel(R) Management Engine Components\IPT;C:\Program Files (x86)\Toshiba\Bluetooth Toshiba Stack\sys\;C:\Program Files (x86)\Toshiba\Bluetooth Toshiba Stack\sys\x64\;C:\Program Files\TortoiseSVN\bin;C:\Program Files (x86)\Git\cmd;C:\Program Files\TortoiseGit\bin;C:\Program Files (x86)\MiKTeX 2.9\miktex\bin\
USERNAME=Florian
OS=Windows_NT
PROCESSOR_IDENTIFIER=Intel64 Family 6 Model 60 Stepping 3, GenuineIntel



---------------  S Y S T E M  ---------------

OS: Windows 8 , 64 bit Build 9200 

CPU:total 8 (4 cores per cpu, 2 threads per core) family 6 model 60 stepping 3, cmov, cx8, fxsr, mmx, sse, sse2, sse3, ssse3, sse4.1, sse4.2, popcnt, avx, avx2, ht, tsc, tscinvbit

Memory: 4k page, physical 16713452k(9597236k free), swap 20907756k(12468628k free)

vm_info: Java HotSpot(TM) 64-Bit Server VM (23.25-b01) for windows-amd64 JRE (1.7.0_25-b17), built on Jun 21 2013 12:58:32 by "java_re" with unknown MS VC++:1600

time: Sun Sep 08 19:16:23 2013
elapsed time: 4 seconds

